#
# There is insufficient memory for the Java Runtime Environment to continue.
# Native memory allocation (malloc) failed to allocate 1048576 bytes for AllocateHeap
# Possible reasons:
#   The system is out of physical RAM or swap space
#   In 32 bit mode, the process size limit was hit
# Possible solutions:
#   Reduce memory load on the system
#   Increase physical memory or swap space
#   Check if swap backing store is full
#   Use 64 bit Java on a 64 bit OS
#   Decrease Java heap size (-Xmx/-Xms)
#   Decrease number of Java threads
#   Decrease Java thread stack sizes (-Xss)
#   Set larger code cache with -XX:ReservedCodeCacheSize=
# This output file may be truncated or incomplete.
#
#  Out of Memory Error (memory/allocation.inline.hpp:61), pid=7640, tid=0x000000000000576c
#
# JRE version:  (8.0_121-b13) (build )
# Java VM: Java HotSpot(TM) 64-Bit Server VM (25.121-b13 mixed mode windows-amd64 compressed oops)
# Failed to write core dump. Minidumps are not enabled by default on client versions of Windows
#

---------------  T H R E A D  ---------------

Current thread (0x0000000002a54000):  JavaThread "Unknown thread" [_thread_in_vm, id=22380, stack(0x0000000002420000,0x0000000002520000)]

Stack: [0x0000000002420000,0x0000000002520000]
[error occurred during error reporting (printing stack bounds), id 0xc0000005]

Native frames: (J=compiled Java code, j=interpreted, Vv=VM code, C=native code)


---------------  P R O C E S S  ---------------

Java Threads: ( => current thread )

Other Threads:

=>0x0000000002a54000 (exited) JavaThread "Unknown thread" [_thread_in_vm, id=22380, stack(0x0000000002420000,0x0000000002520000)]

VM state:not at safepoint (normal execution)

VM Mutex/Monitor currently owned by a thread: None

Heap:
 PSYoungGen      total 47616K, used 819K [0x000000078af80000, 0x000000078e480000, 0x00000007c0000000)
  eden space 40960K, 2% used [0x000000078af80000,0x000000078b04ccd8,0x000000078d780000)
  from space 6656K, 0% used [0x000000078de00000,0x000000078de00000,0x000000078e480000)
  to   space 6656K, 0% used [0x000000078d780000,0x000000078d780000,0x000000078de00000)
 ParOldGen       total 109568K, used 0K [0x0000000720e00000, 0x0000000727900000, 0x000000078af80000)
  object space 109568K, 0% used [0x0000000720e00000,0x0000000720e00000,0x0000000727900000)
 Metaspace       used 770K, capacity 4480K, committed 4480K, reserved 1056768K
  class space    used 75K, capacity 384K, committed 384K, reserved 1048576K

Card table byte_map: [0x0000000011f10000,0x0000000012410000] byte_map_base: 0x000000000e609000

Marking Bits: (ParMarkBitMap*) 0x000000006cd1b6d0
 Begin Bits: [0x0000000012f70000, 0x0000000015738000)
 End Bits:   [0x0000000015738000, 0x0000000017f00000)

Polling page: 0x0000000000be0000

CodeCache: size=245760Kb used=327Kb max_used=327Kb free=245432Kb
 bounds [0x0000000002b50000, 0x0000000002dc0000, 0x0000000011b50000]
 total_blobs=57 nmethods=0 adapters=38
 compilation: enabled

Compilation events (0 events):
No events

GC Heap History (0 events):
No events

Deoptimization events (0 events):
No events

Internal exceptions (0 events):
No events

Events (10 events):
Event: 0.044 loading class java/lang/Short
Event: 0.044 loading class java/lang/Short done
Event: 0.044 loading class java/lang/Integer
Event: 0.044 loading class java/lang/Integer done
Event: 0.044 loading class java/lang/Long
Event: 0.044 loading class java/lang/Long done
Event: 0.045 loading class java/lang/NullPointerException
Event: 0.045 loading class java/lang/NullPointerException done
Event: 0.045 loading class java/lang/ArithmeticException
Event: 0.045 loading class java/lang/ArithmeticException done


Dynamic libraries:
0x00007ff6f2760000 - 0x00007ff6f2797000 	C:\Program Files\Java\jdk1.8.0_121\bin\java.exe
0x00007ffe6ebf0000 - 0x00007ffe6ede8000 	C:\WINDOWS\SYSTEM32\ntdll.dll
0x00007ffe6e040000 - 0x00007ffe6e102000 	C:\WINDOWS\System32\KERNEL32.DLL
0x00007ffe6c330000 - 0x00007ffe6c626000 	C:\WINDOWS\System32\KERNELBASE.dll
0x00007ffe6cc10000 - 0x00007ffe6ccc1000 	C:\WINDOWS\System32\ADVAPI32.dll
0x00007ffe6e130000 - 0x00007ffe6e1ce000 	C:\WINDOWS\System32\msvcrt.dll
0x00007ffe6d310000 - 0x00007ffe6d3af000 	C:\WINDOWS\System32\sechost.dll
0x00007ffe6d190000 - 0x00007ffe6d2b0000 	C:\WINDOWS\System32\RPCRT4.dll
0x00007ffe6c280000 - 0x00007ffe6c2a7000 	C:\WINDOWS\System32\bcrypt.dll
0x00007ffe6ccd0000 - 0x00007ffe6ce71000 	C:\WINDOWS\System32\USER32.dll
0x00007ffe6c300000 - 0x00007ffe6c322000 	C:\WINDOWS\System32\win32u.dll
0x00007ffe6cfd0000 - 0x00007ffe6cffb000 	C:\WINDOWS\System32\GDI32.dll
0x00007ffe6c750000 - 0x00007ffe6c869000 	C:\WINDOWS\System32\gdi32full.dll
0x00007ffe6c6b0000 - 0x00007ffe6c74d000 	C:\WINDOWS\System32\msvcp_win.dll
0x00007ffe6c870000 - 0x00007ffe6c970000 	C:\WINDOWS\System32\ucrtbase.dll
0x00007ffe56820000 - 0x00007ffe56abb000 	C:\WINDOWS\WinSxS\amd64_microsoft.windows.common-controls_6595b64144ccf1df_6.0.19041.6456_none_60b8a6cb71f64256\COMCTL32.dll
0x00007ffe6e010000 - 0x00007ffe6e03f000 	C:\WINDOWS\System32\IMM32.DLL
0x000000006cda0000 - 0x000000006ce72000 	C:\Program Files\Java\jdk1.8.0_121\jre\bin\msvcr100.dll
0x000000006c500000 - 0x000000006cd9b000 	C:\Program Files\Java\jdk1.8.0_121\jre\bin\server\jvm.dll
0x00007ffe6cfc0000 - 0x00007ffe6cfc8000 	C:\WINDOWS\System32\PSAPI.DLL
0x00007ffe60e80000 - 0x00007ffe60e8a000 	C:\WINDOWS\SYSTEM32\VERSION.dll
0x00007ffe60e20000 - 0x00007ffe60e47000 	C:\WINDOWS\SYSTEM32\WINMM.dll
0x00007ffe57810000 - 0x00007ffe57819000 	C:\WINDOWS\SYSTEM32\WSOCK32.dll
0x00007ffe6d120000 - 0x00007ffe6d18b000 	C:\WINDOWS\System32\WS2_32.dll
0x000000006c4f0000 - 0x000000006c4ff000 	C:\Program Files\Java\jdk1.8.0_121\jre\bin\verify.dll
0x000000006c4c0000 - 0x000000006c4e9000 	C:\Program Files\Java\jdk1.8.0_121\jre\bin\java.dll
0x000000006c3e0000 - 0x000000006c403000 	C:\Program Files\Java\jdk1.8.0_121\jre\bin\instrument.dll
0x000000006c4a0000 - 0x000000006c4b6000 	C:\Program Files\Java\jdk1.8.0_121\jre\bin\zip.dll

VM Arguments:
jvm_args: -Dfile.encoding=UTF-8 -Dsun.jnu.encoding=UTF-8 -Dconsole.encoding=UTF-8 -Dmaven.multiModuleProjectDirectory=D:\MSoft_IDEA_2021\IdeaProjects\crm\finance -Dfile.encoding=UTF-8 -Dmaven.home=D:\MSoft_IDEA_2021\IntelliJ IDEA 2021.1\plugins\maven\lib\maven3 -Dclassworlds.conf=D:\MSoft_IDEA_2021\IntelliJ IDEA 2021.1\plugins\maven\lib\maven3\bin\m2.conf -Dmaven.ext.class.path=D:\MSoft_IDEA_2021\IntelliJ IDEA 2021.1\plugins\maven\lib\maven-event-listener.jar -javaagent:D:\MSoft_IDEA_2021\IntelliJ IDEA 2021.1\lib\idea_rt.jar=54552:D:\MSoft_IDEA_2021\IntelliJ IDEA 2021.1\bin 
java_command: org.codehaus.classworlds.Launcher -Didea.version=2021.1 compile
java_class_path (initial): D:\MSoft_IDEA_2021\IntelliJ IDEA 2021.1\plugins\maven\lib\maven3\boot\plexus-classworlds-2.6.0.jar;D:\MSoft_IDEA_2021\IntelliJ IDEA 2021.1\plugins\maven\lib\maven3\boot\plexus-classworlds.license;D:\MSoft_IDEA_2021\IntelliJ IDEA 2021.1\lib\idea_rt.jar
Launcher Type: SUN_STANDARD

Environment Variables:
JAVA_HOME=D:\MSoft_JDK21\jdk-21.0.7
JAVA_TOOL_OPTIONS=-Dfile.encoding=UTF-8 -Dsun.jnu.encoding=UTF-8 -Dconsole.encoding=UTF-8
CLASSPATH=.;D:\MSoft_JDK21\jdk-21.0.7\lib\dt.jar;D:\MSoft_JDK21\jdk-21.0.7\lib\tools.jar 
PATH=D:\MSoft_JDK21\jdk-21.0.7\bin;D:\MSoft_JDK21\jdk-21.0.7\jre\bin;D:\MSoft_Oracle\database\Oracle\product\11.2.0\dbhome_1\bin;D:\MSoft_MPI\Microsoft MPI\Bin\;D:\MSoft_python\Anaconda3;D:\MSoft_python\Anaconda3\Library\mingw-w64\bin;D:\MSoft_python\Anaconda3\Library\usr\bin;D:\MSoft_python\Anaconda3\Library\bin;D:\MSoft_python\Anaconda3\Scripts;D:\MSoft_VMware\VMware\VMware Workstation\bin\;C:\WINDOWS\system32;C:\WINDOWS;C:\WINDOWS\System32\Wbem;C:\WINDOWS\System32\WindowsPowerShell\v1.0\;C:\WINDOWS\System32\OpenSSH\;D:\MSoft_apache_tomcat8\Apache Software Foundation\Tomcat 8.0\bin;D:\MSoft_Maven\apache-maven-3.6.3\bin;D:\MSoft_MySQL\MySQL Server 6.0\bin;C:\Program Files (x86)\MySQL\bin;D:\MSoft_Git\Git\cmd;D:\MSoft_nodejs\nodejs;D:\MSoft_nodejs\nodejs\node_global;D:\MSoft_nodejs\nodejs\node_modules;D:\MSoft_nodejs\nodejs\node_global;D:\MSoft_nodejs\nodejs\node_global;D:\MSoft_Ant\apache-ant-1.10.9\bin;D:\MSoft_Rational\common;D:\MSoft_Erlang\erl-24.3.3\bin;D:\ESoft_BANDIZIP\;D:\OSoft_TortoiseSVN\TortoiseSVN\bin;D:\MSoft_Gradle\gradle-6.8-bin\gradle-6.8\bin;C:\Program Files (x86)\Common Files\Oracle\Java\javapath;C:\ProgramData\Oracle\Java\javapath;%NVM_HOME%;%NVM_SYMLINK%;C:\Users\王伟东\AppData\Local\Programs\Python\Python37\Scripts\;C:\Users\王伟东\AppData\Local\Programs\Python\Python37\;C:\Users\WWD\AppData\Local\Microsoft\WindowsApps;C:\Users\王伟东\AppData\Roaming\npm;D:\MSoft_vscode\Microsoft VS Code\bin;D:\MSoft_IDEA_2019_2\IntelliJ IDEA Community Edition 2019.2.4\bin;;D:\MSoft_nvm\nvm;D:\MSoft_nvm\nodejs
USERNAME=WWD
OS=Windows_NT
PROCESSOR_IDENTIFIER=AMD64 Family 23 Model 24 Stepping 1, AuthenticAMD



---------------  S Y S T E M  ---------------

OS: Windows 10.0 , 64 bit Build 19041 (10.0.19041.5915)

CPU:total 8 (8 cores per cpu, 1 threads per core) family 23 model 24 stepping 1, cmov, cx8, fxsr, mmx, sse, sse2, sse3, ssse3, sse4.1, sse4.2, popcnt, avx, avx2, aes, clmul, mmxext, 3dnowpref, lzcnt, sse4a, tsc, tscinvbit, tscinv, bmi1

Memory: 4k page, physical 10422828k(336256k free), swap 41880108k(5880k free)

vm_info: Java HotSpot(TM) 64-Bit Server VM (25.121-b13) for windows-amd64 JRE (1.8.0_121-b13), built on Dec 12 2016 18:21:36 by "java_re" with MS VC++ 10.0 (VS2010)

time: Tue Jan 13 23:36:13 2026
elapsed time: 0 seconds (0d 0h 0m 0s)

